#-----------------------------------------------------------
# Vivado v2017.4 (64-bit)
# SW Build 2086221 on Fri Dec 15 20:55:39 MST 2017
# IP Build 2085800 on Fri Dec 15 22:25:07 MST 2017
# Start of session at: Sun May 14 19:00:45 2023
# Process ID: 18720
# Current directory: D:/VIVADO/homwork3question2/XADC_test
# Command line: vivado.exe -gui_launcher_event rodinguilauncherevent9104 D:\VIVADO\homwork3question2\XADC_test\XADC_test.xpr
# Log file: D:/VIVADO/homwork3question2/XADC_test/vivado.log
# Journal file: D:/VIVADO/homwork3question2/XADC_test\vivado.jou
#-----------------------------------------------------------
start_guioopen_project D:/VIVADO/homwork3question2/XADC_test/XADC_test.xpr
CRITICAL WARNING: [Project 1-19] Could not find the file 'C:/Users/Huang Xianmin/Desktop/数字系统/xadc_release/Design sources/Verilog/Abs.v'.
CRITICAL WARNING: [Project 1-19] Could not find the file 'C:/Users/Huang Xianmin/Desktop/数字系统/xadc_release/Design sources/Verilog/clk_division.v'.
CRITICAL WARNING: [Project 1-19] Could not find the file 'C:/Users/Huang Xianmin/Desktop/数字系统/xadc_release/Design sources/Verilog/fsm_drp.v'.
CRITICAL WARNING: [Project 1-19] Could not find the file 'C:/Users/Huang Xianmin/Desktop/数字系统/xadc_release/Design sources/Verilog/hex_to_bcd.v'.
CRITICAL WARNING: [Project 1-19] Could not find the file 'C:/Users/Huang Xianmin/Desktop/数字系统/xadc_release/Design sources/Verilog/led.v'.
CRITICAL WARNING: [Project 1-19] Could not find the file 'C:/Users/Huang Xianmin/Desktop/数字系统/xadc_release/Design sources/Verilog/seg_selection.v'.
CRITICAL WARNING: [Project 1-19] Could not find the file 'C:/Users/Huang Xianmin/Desktop/数字系统/xadc_release/Design sources/Verilog/switch_convert_16_to_42.v'.
CRITICAL WARNING: [Project 1-19] Could not find the file 'C:/Users/Huang Xianmin/Desktop/数字系统/xadc_release/Design sources/Verilog/top_module.v'.
CRITICAL WARNING: [Project 1-19] Could not find the file 'C:/Users/Huang Xianmin/Desktop/数字系统/xadc_release/Design sources/Constraints/fsm_xadc.xdc'.
CRITICAL WARNING: [Project 1-19] Could not find the file 'C:/Users/Huang Xianmin/Desktop/数字系统/xadc_release/Simulation-only Sources/TB_xadc.v'.
Scanning sources...
Finished scanning sources
INFO: [Common 17-41] Interrupt caught. Command should exit soon.
INFO: [IP_Flow 19-234] Refreshing IP repositories
INFO: [IP_Flow 19-1704] No user IP repositories specified
INFO: [IP_Flow 19-2313] Loaded Vivado IP repository 'C:/Xilinx/Vivado/2017.4/data/ip'.
1
INFO: [Common 17-344] 'open_project' was cancelled
exit
INFO: [Common 17-206] Exiting Vivado at Sun May 14 19:02:17 2023...
un May 14 19:01:46 2023...
