#-----------------------------------------------------------
# Vivado v2017.4 (64-bit)
# SW Build 2086221 on Fri Dec 15 20:55:39 MST 2017
# IP Build 2085800 on Fri Dec 15 22:25:07 MST 2017
# Start of session at: Sat Jul  1 10:30:47 2023
# Process ID: 19644
# Current directory: C:/Users/Huang Xianmin/Desktop/XADC_test
# Command line: vivado.exe -gui_launcher_event rodinguilauncherevent22524 C:\Users\Huang Xianmin\Desktop\XADC_test\Inverted_Pendulum.xpr
# Log file: C:/Users/Huang Xianmin/Desktop/XADC_test/vivado.log
# Journal file: C:/Users/Huang Xianmin/Desktop/XADC_test\vivado.jou
#-----------------------------------------------------------
start_gui
open_project {C:/Users/Huang Xianmin/Desktop/XADC_test/Inverted_Pendulum.xpr}
INFO: [Project 1-313] Project file moved from 'C:/Users/fzh/XADC_test' since last save.
Scanning sources...
Finished scanning sources
INFO: [IP_Flow 19-234] Refreshing IP repositories
INFO: [IP_Flow 19-1704] No user IP repositories specified
INFO: [IP_Flow 19-2313] Loaded Vivado IP repository 'C:/Xilinx/Vivado/2017.4/data/ip'.
open_project: Time (s): cpu = 00:00:04 ; elapsed = 00:00:08 . Memory (MB): peak = 862.727 ; gain = 78.129
update_compile_order -fileset sources_1
exit
INFO: [Common 17-206] Exiting Vivado at Sat Jul  1 10:31:38 2023...
