#-----------------------------------------------------------
# Vivado v2017.4 (64-bit)
# SW Build 2086221 on Fri Dec 15 20:55:39 MST 2017
# IP Build 2085800 on Fri Dec 15 22:25:07 MST 2017
# Start of session at: Sun Jun 11 02:03:52 2023
# Process ID: 20096
# Current directory: D:/VIVADO/homwork3question2/XADC_test
# Command line: vivado.exe -gui_launcher_event rodinguilauncherevent15256 D:\VIVADO\homwork3question2\XADC_test\XADC_test.xpr
# Log file: D:/VIVADO/homwork3question2/XADC_test/vivado.log
# Journal file: D:/VIVADO/homwork3question2/XADC_test\vivado.jou
#-----------------------------------------------------------
start_gui
open_project D:/VIVADO/homwork3question2/XADC_test/XADC_test.xpr
Scanning sources...
Finished scanning sources
INFO: [IP_Flow 19-234] Refreshing IP repositories
INFO: [IP_Flow 19-1704] No user IP repositories specified
INFO: [IP_Flow 19-2313] Loaded Vivado IP repository 'C:/Xilinx/Vivado/2017.4/data/ip'.
open_project: Time (s): cpu = 00:00:03 ; elapsed = 00:00:05 . Memory (MB): peak = 924.516 ; gain = 176.719
update_compile_order -fileset sources_1
import_files
INFO: [filemgmt 20-334] All file(s) are already imported in fileset: 'Adder'
INFO: [filemgmt 20-348] Importing the appropriate files for fileset: 'Adder'
INFO: [filemgmt 20-334] All file(s) are already imported in fileset: 'Multiplier'
INFO: [filemgmt 20-348] Importing the appropriate files for fileset: 'Multiplier'
INFO: [filemgmt 20-334] All file(s) are already imported in fileset: 'ila_0'
INFO: [filemgmt 20-348] Importing the appropriate files for fileset: 'ila_0'
INFO: [filemgmt 20-348] Importing the appropriate files for fileset: 'rom_title'
INFO: [Device 21-403] Loading part xc7a35tcsg324-1
INFO: [filemgmt 20-334] All file(s) are already imported in fileset: 'xadc_wiz_0'
INFO: [filemgmt 20-348] Importing the appropriate files for fileset: 'xadc_wiz_0'
INFO: [filemgmt 20-334] All file(s) are already imported in fileset: 'constrs_1'
INFO: [filemgmt 20-348] Importing the appropriate files for fileset: 'constrs_1'
INFO: [filemgmt 20-334] All file(s) are already imported in fileset: 'sim_1'
INFO: [filemgmt 20-348] Importing the appropriate files for fileset: 'sim_1'
INFO: [filemgmt 20-348] Importing the appropriate files for fileset: 'sources_1'
import_files: Time (s): cpu = 00:00:04 ; elapsed = 00:00:07 . Memory (MB): peak = 1128.105 ; gain = 194.199
exit
INFO: [Common 17-206] Exiting Vivado at Sun Jun 11 02:08:31 2023...
