#-----------------------------------------------------------
# Vivado v2017.4 (64-bit)
# SW Build 2086221 on Fri Dec 15 20:55:39 MST 2017
# IP Build 2085800 on Fri Dec 15 22:25:07 MST 2017
# Start of session at: Fri Jun 16 09:41:12 2023
# Process ID: 37992
# Current directory: C:/Users/fzh/XADC_test
# Command line: vivado.exe -gui_launcher_event rodinguilauncherevent25744 C:\Users\fzh\XADC_test\XADC_test.xpr
# Log file: C:/Users/fzh/XADC_test/vivado.log
# Journal file: C:/Users/fzh/XADC_test\vivado.jou
#-----------------------------------------------------------
start_gui
open_project C:/Users/fzh/XADC_test/XADC_test.xpr
INFO: [Project 1-313] Project file moved from 'D:/VIVADO/homwork3question2/XADC_test' since last save.
Scanning sources...
Finished scanning sources
INFO: [IP_Flow 19-234] Refreshing IP repositories
INFO: [IP_Flow 19-1704] No user IP repositories specified
INFO: [IP_Flow 19-2313] Loaded Vivado IP repository 'C:/Xilinx/Vivado/2017.4/data/ip'.
open_project: Time (s): cpu = 00:00:17 ; elapsed = 00:00:13 . Memory (MB): peak = 827.043 ; gain = 110.090
update_compile_order -fileset sources_1reset_run synth_1
WARNING: [Vivado 12-1017] Problems encountered:
1. Process appears to be on host 'LAPTOP-PO5T5O89' and cannot be killed from host 'LAPTOP-I9H7QH1Q'

exit
INFO: [Common 17-206] Exiting Vivado at Fri Jun 16 09:43:36 2023...
oint for IP 'C:/Users/fzh/XADC_test/XADC_test.srcs/sources_1/ip/char_fifo/char_fifo.xci' is already up-to-date
INFO: [Vivado 12-4149] The synthesis checkpoint for IP 'C:/Users/fzh/XADC_test/XADC_test.srcs/sources_1/ip/clk_core/clk_core.xci' is already up-to-date
[Fri Jun 16 09:43:12 2023] Launched synth_1...
Run output will be captured here: C:/Users/fzh/XADC_test/XADC_test.runs/synth_1/runme.log
launch_runs impl_1 -jobs 8
INFO: [Vivado 12-4149] The synthesis checkpoint for IP 'C:/Users/fzh/XADC_test/XADC_test.srcs/sources_1/ip/char_fifo/char_fifo.xci' is already up-to-date
INFO: [Vivado 12-4149] The synthesis checkpoint for IP 'C:/Users/fzh/XADC_test/XADC_test.srcs/sources_1/ip/clk_core/clk_core.xci' is already up-to-date
[Fri Jun 16 09:44:17 2023] Launched synth_1...
Run output will be captured here: C:/Users/fzh/XADC_test/XADC_test.runs/synth_1/runme.log
[Fri Jun 16 09:44:18 2023] Launched impl_1...
Run output will be captured here: C:/Users/fzh/XADC_test/XADC_test.runs/impl_1/runme.log
launch_runs impl_1 -to_step write_bitstream -jobs 8
INFO: [Vivado 12-4149] The synthesis checkpoint for IP 'C:/Users/fzh/XADC_test/XADC_test.srcs/sources_1/ip/char_fifo/char_fifo.xci' is already up-to-date
INFO: [Vivado 12-4149] The synthesis checkpoint for IP 'C:/Users/fzh/XADC_test/XADC_test.srcs/sources_1/ip/clk_core/clk_core.xci' is already up-to-date
[Fri Jun 16 09:53:00 2023] Launched impl_1...
Run output will be captured here: C:/Users/fzh/XADC_test/XADC_test.runs/impl_1/runme.log
open_hw
connect_hw_server
INFO: [Labtools 27-2285] Connecting to hw_server url TCP:localhost:3121
INFO: [Labtools 27-2222] Launching hw_server...
INFO: [Labtools 27-2221] Launch Output:

****** Xilinx hw_server v2017.4
  **** Build date : Dec 15 2017-21:08:27
    ** Copyright 1986-2017 Xilinx, Inc. All Rights Reserved.


open_hw_target
INFO: [Labtoolstcl 44-466] Opening hw_target localhost:3121/xilinx_tcf/Xilinx/1234-tulA
set_property PROGRAM.FILE {C:/Users/fzh/XADC_test/XADC_test.runs/impl_1/top_module.bit} [get_hw_devices xc7a35t_0]
set_property PROBES.FILE {C:/Users/fzh/XADC_test/XADC_test.runs/impl_1/top_module.ltx} [get_hw_devices xc7a35t_0]
set_property FULL_PROBES.FILE {C:/Users/fzh/XADC_test/XADC_test.runs/impl_1/top_module.ltx} [get_hw_devices xc7a35t_0]
current_hw_device [get_hw_devices xc7a35t_0]
refresh_hw_device [lindex [get_hw_devices xc7a35t_0] 0]
INFO: [Labtools 27-1434] Device xc7a35t (JTAG device index = 0) is programmed with a design that has no supported debug core(s) in it.
WARNING: [Labtools 27-3361] The debug hub core was not detected.
Resolution: 
1. Make sure the clock connected to the debug hub (dbg_hub) core is a free running clock and is active.
2. Make sure the BSCAN_SWITCH_USER_MASK device property in Vivado Hardware Manager reflects the user scan chain setting in the design and refresh the device.  To determine the user scan chain setting in the design, open the implemented design and use 'get_property C_USER_SCAN_CHAIN [get_debug_cores dbg_hub]'.
For more details on setting the scan chain property, consult the Vivado Debug and Programming User Guide (UG908).
WARNING: [Labtools 27-3403] Dropping logic core with cellname:'instance_of_led' from probes file, since it cannot be found on the programmed device.
set_property PROBES.FILE {C:/Users/fzh/XADC_test/XADC_test.runs/impl_1/top_module.ltx} [get_hw_devices xc7a35t_0]
set_property FULL_PROBES.FILE {C:/Users/fzh/XADC_test/XADC_test.runs/impl_1/top_module.ltx} [get_hw_devices xc7a35t_0]
set_property PROGRAM.FILE {C:/Users/fzh/XADC_test/XADC_test.runs/impl_1/top_module.bit} [get_hw_devices xc7a35t_0]
program_hw_devices [get_hw_devices xc7a35t_0]
INFO: [Labtools 27-3164] End of startup status: HIGH
refresh_hw_device [lindex [get_hw_devices xc7a35t_0] 0]
INFO: [Labtools 27-2302] Device xc7a35t (JTAG device index = 0) is programmed with a design that has 1 ILA core(s).
display_hw_ila_data [ get_hw_ila_data hw_ila_data_1 -of_objects [get_hw_ilas -of_objects [get_hw_devices xc7a35t_0] -filter {CELL_NAME=~"instance_of_led"}]]
INFO: [Labtools 27-3304] ILA Waveform data saved to file C:/Users/fzh/XADC_test/XADC_test.hw/backup/hw_ila_data_1.ila. Use Tcl command 'import_hw_ila_data' or Vivado File->Import->Import ILA Data menu item to import the previously saved data.
run_hw_ila [get_hw_ilas -of_objects [get_hw_devices xc7a35t_0] -filter {CELL_NAME=~"instance_of_led"}]
INFO: [Labtools 27-1964] The ILA core 'hw_ila_1' trigger was armed at 2023-Jun-16 10:00:06
wait_on_hw_ila [get_hw_ilas -of_objects [get_hw_devices xc7a35t_0] -filter {CELL_NAME=~"instance_of_led"}]
display_hw_ila_data [upload_hw_ila_data [get_hw_ilas -of_objects [get_hw_devices xc7a35t_0] -filter {CELL_NAME=~"instance_of_led"}]]
INFO: [Labtools 27-1966] The ILA core 'hw_ila_1' triggered at 2023-Jun-16 10:00:06
INFO: [Labtools 27-3304] ILA Waveform data saved to file C:/Users/fzh/XADC_test/XADC_test.hw/backup/hw_ila_data_1.ila. Use Tcl command 'import_hw_ila_data' or Vivado File->Import->Import ILA Data menu item to import the previously saved data.
ERROR: [Labtoolstcl 44-513] HW Target shutdown. Closing target: localhost:3121/xilinx_tcf/Xilinx/1234-tulA
INFO: [Labtoolstcl 44-466] Opening hw_target localhost:3121/xilinx_tcf/Xilinx/1234-tulA
INFO: [Labtools 27-1434] Device xc7a35t (JTAG device index = 0) is programmed with a design that has no supported debug core(s) in it.
WARNING: [Labtools 27-3361] The debug hub core was not detected.
Resolution: 
1. Make sure the clock connected to the debug hub (dbg_hub) core is a free running clock and is active.
2. Make sure the BSCAN_SWITCH_USER_MASK device property in Vivado Hardware Manager reflects the user scan chain setting in the design and refresh the device.  To determine the user scan chain setting in the design, open the implemented design and use 'get_property C_USER_SCAN_CHAIN [get_debug_cores dbg_hub]'.
For more details on setting the scan chain property, consult the Vivado Debug and Programming User Guide (UG908).
WARNING: [Labtools 27-3403] Dropping logic core with cellname:'instance_of_led' from probes file, since it cannot be found on the programmed device.
WARNING: [Labtoolstcl 44-129] No matching hw_ila_data was found.
set_property PROBES.FILE {C:/Users/fzh/XADC_test/XADC_test.runs/impl_1/top_module.ltx} [get_hw_devices xc7a35t_0]
set_property FULL_PROBES.FILE {C:/Users/fzh/XADC_test/XADC_test.runs/impl_1/top_module.ltx} [get_hw_devices xc7a35t_0]
set_property PROGRAM.FILE {C:/Users/fzh/XADC_test/XADC_test.runs/impl_1/top_module.bit} [get_hw_devices xc7a35t_0]
program_hw_devices [get_hw_devices xc7a35t_0]
INFO: [Labtools 27-3164] End of startup status: HIGH
refresh_hw_device [lindex [get_hw_devices xc7a35t_0] 0]
INFO: [Labtools 27-2302] Device xc7a35t (JTAG device index = 0) is programmed with a design that has 1 ILA core(s).
display_hw_ila_data [ get_hw_ila_data hw_ila_data_1 -of_objects [get_hw_ilas -of_objects [get_hw_devices xc7a35t_0] -filter {CELL_NAME=~"instance_of_led"}]]
INFO: [Labtools 27-3304] ILA Waveform data saved to file C:/Users/fzh/XADC_test/XADC_test.hw/backup/hw_ila_data_1.ila. Use Tcl command 'import_hw_ila_data' or Vivado File->Import->Import ILA Data menu item to import the previously saved data.
run_hw_ila [get_hw_ilas -of_objects [get_hw_devices xc7a35t_0] -filter {CELL_NAME=~"instance_of_led"}]
INFO: [Labtools 27-1964] The ILA core 'hw_ila_1' trigger was armed at 2023-Jun-16 10:24:20
wait_on_hw_ila [get_hw_ilas -of_objects [get_hw_devices xc7a35t_0] -filter {CELL_NAME=~"instance_of_led"}]
display_hw_ila_data [upload_hw_ila_data [get_hw_ilas -of_objects [get_hw_devices xc7a35t_0] -filter {CELL_NAME=~"instance_of_led"}]]
INFO: [Labtools 27-1966] The ILA core 'hw_ila_1' triggered at 2023-Jun-16 10:24:20
INFO: [Labtools 27-3304] ILA Waveform data saved to file C:/Users/fzh/XADC_test/XADC_test.hw/backup/hw_ila_data_1.ila. Use Tcl command 'import_hw_ila_data' or Vivado File->Import->Import ILA Data menu item to import the previously saved data.
run_hw_ila [get_hw_ilas -of_objects [get_hw_devices xc7a35t_0] -filter {CELL_NAME=~"instance_of_led"}]
INFO: [Labtools 27-1964] The ILA core 'hw_ila_1' trigger was armed at 2023-Jun-16 10:24:23
wait_on_hw_ila [get_hw_ilas -of_objects [get_hw_devices xc7a35t_0] -filter {CELL_NAME=~"instance_of_led"}]
display_hw_ila_data [upload_hw_ila_data [get_hw_ilas -of_objects [get_hw_devices xc7a35t_0] -filter {CELL_NAME=~"instance_of_led"}]]
INFO: [Labtools 27-1966] The ILA core 'hw_ila_1' triggered at 2023-Jun-16 10:24:23
INFO: [Labtools 27-3304] ILA Waveform data saved to file C:/Users/fzh/XADC_test/XADC_test.hw/backup/hw_ila_data_1.ila. Use Tcl command 'import_hw_ila_data' or Vivado File->Import->Import ILA Data menu item to import the previously saved data.
run_hw_ila [get_hw_ilas -of_objects [get_hw_devices xc7a35t_0] -filter {CELL_NAME=~"instance_of_led"}]
INFO: [Labtools 27-1964] The ILA core 'hw_ila_1' trigger was armed at 2023-Jun-16 10:24:28
wait_on_hw_ila [get_hw_ilas -of_objects [get_hw_devices xc7a35t_0] -filter {CELL_NAME=~"instance_of_led"}]
display_hw_ila_data [upload_hw_ila_data [get_hw_ilas -of_objects [get_hw_devices xc7a35t_0] -filter {CELL_NAME=~"instance_of_led"}]]
INFO: [Labtools 27-1966] The ILA core 'hw_ila_1' triggered at 2023-Jun-16 10:24:28
INFO: [Labtools 27-3304] ILA Waveform data saved to file C:/Users/fzh/XADC_test/XADC_test.hw/backup/hw_ila_data_1.ila. Use Tcl command 'import_hw_ila_data' or Vivado File->Import->Import ILA Data menu item to import the previously saved data.
run_hw_ila [get_hw_ilas -of_objects [get_hw_devices xc7a35t_0] -filter {CELL_NAME=~"instance_of_led"}]
INFO: [Labtools 27-1964] The ILA core 'hw_ila_1' trigger was armed at 2023-Jun-16 10:24:48
wait_on_hw_ila [get_hw_ilas -of_objects [get_hw_devices xc7a35t_0] -filter {CELL_NAME=~"instance_of_led"}]
display_hw_ila_data [upload_hw_ila_data [get_hw_ilas -of_objects [get_hw_devices xc7a35t_0] -filter {CELL_NAME=~"instance_of_led"}]]
INFO: [Labtools 27-1966] The ILA core 'hw_ila_1' triggered at 2023-Jun-16 10:24:48
INFO: [Labtools 27-3304] ILA Waveform data saved to file C:/Users/fzh/XADC_test/XADC_test.hw/backup/hw_ila_data_1.ila. Use Tcl command 'import_hw_ila_data' or Vivado File->Import->Import ILA Data menu item to import the previously saved data.
open_run synth_1 -name synth_1
Design is defaulting to impl run constrset: constrs_1
Design is defaulting to synth run part: xc7a35tcsg324-1
INFO: [Project 1-454] Reading design checkpoint 'c:/Users/fzh/XADC_test/XADC_test.srcs/sources_1/ip/ila_0/ila_0.dcp' for cell 'instance_of_led'
INFO: [Project 1-454] Reading design checkpoint 'c:/Users/fzh/XADC_test/XADC_test.srcs/sources_1/ip/char_fifo/char_fifo.dcp' for cell 'instance_of_VGA/instance_of_bt/char_fifo_i0'
INFO: [Project 1-454] Reading design checkpoint 'c:/Users/fzh/XADC_test/XADC_test.srcs/sources_1/ip/clk_core/clk_core.dcp' for cell 'instance_of_VGA/instance_of_bt/clk_gen_i0/clk_core_i0'
INFO: [Project 1-454] Reading design checkpoint 'c:/Users/fzh/XADC_test/XADC_test.srcs/rom_title/ip/rom_title/rom_title.dcp' for cell 'instance_of_VGA/v2/p2'
INFO: [Project 1-454] Reading design checkpoint 'c:/Users/fzh/XADC_test/XADC_test.srcs/sources_1/ip/xadc_wiz_0/xadc_wiz_0.dcp' for cell 'instance_of_fsm_drp/instance_of_xadc'
INFO: [Project 1-454] Reading design checkpoint 'c:/Users/fzh/XADC_test/XADC_test.srcs/sources_1/ip/Multiplier/Multiplier.dcp' for cell 'instance_of_hex_to_bcd/instance_of_Multiplier_one_tenth_1'
INFO: [Project 1-454] Reading design checkpoint 'c:/Users/fzh/XADC_test/XADC_test.srcs/sources_1/ip/Adder/Adder.dcp' for cell 'instance_of_hex_to_bcd/instance_of_Abs/instance_of_Adder_absolute_value'
INFO: [Netlist 29-17] Analyzing 9730 Unisim elements for replacement
INFO: [Netlist 29-28] Unisim Transformation completed in 0 CPU seconds
INFO: [Project 1-479] Netlist was created with Vivado 2017.4
INFO: [Device 21-403] Loading part xc7a35tcsg324-1
INFO: [Project 1-570] Preparing netlist for logic optimization
WARNING: [Opt 31-35] Removing redundant IBUF, instance_of_VGA/instance_of_bt/clk_gen_i0/clk_core_i0/inst/clkin1_ibufg, from the path connected to top-level port: clk_sys 
Resolution: The tool has removed redundant IBUF. To resolve this warning, check for redundant IBUF in the input design.
WARNING: [Constraints 18-550] Could not create 'IBUF_LOW_PWR' constraint because net 'instance_of_VGA/instance_of_bt/clk_gen_i0/clk_core_i0/clk_in1' is not directly connected to top level port. 'IBUF_LOW_PWR' is ignored by Vivado but preserved for implementation tool. [C:/Users/fzh/XADC_test/.Xil/Vivado-37992-LAPTOP-I9H7QH1Q/dcp9/clk_core.edf:317]
INFO: [Chipscope 16-324] Core: instance_of_led UUID: 7544d31f-89ce-5026-ad34-2825d835b141 
Parsing XDC File [c:/Users/fzh/XADC_test/XADC_test.srcs/sources_1/ip/char_fifo/char_fifo.xdc] for cell 'instance_of_VGA/instance_of_bt/char_fifo_i0/U0'
Finished Parsing XDC File [c:/Users/fzh/XADC_test/XADC_test.srcs/sources_1/ip/char_fifo/char_fifo.xdc] for cell 'instance_of_VGA/instance_of_bt/char_fifo_i0/U0'
Parsing XDC File [c:/Users/fzh/XADC_test/XADC_test.srcs/sources_1/ip/clk_core/clk_core_board.xdc] for cell 'instance_of_VGA/instance_of_bt/clk_gen_i0/clk_core_i0/inst'
Finished Parsing XDC File [c:/Users/fzh/XADC_test/XADC_test.srcs/sources_1/ip/clk_core/clk_core_board.xdc] for cell 'instance_of_VGA/instance_of_bt/clk_gen_i0/clk_core_i0/inst'
Parsing XDC File [c:/Users/fzh/XADC_test/XADC_test.srcs/sources_1/ip/clk_core/clk_core.xdc] for cell 'instance_of_VGA/instance_of_bt/clk_gen_i0/clk_core_i0/inst'
INFO: [Timing 38-35] Done setting XDC timing constraints. [c:/Users/fzh/XADC_test/XADC_test.srcs/sources_1/ip/clk_core/clk_core.xdc:57]
INFO: [Timing 38-2] Deriving generated clocks [c:/Users/fzh/XADC_test/XADC_test.srcs/sources_1/ip/clk_core/clk_core.xdc:57]
get_clocks: Time (s): cpu = 00:00:13 ; elapsed = 00:00:15 . Memory (MB): peak = 2572.219 ; gain = 618.402
Finished Parsing XDC File [c:/Users/fzh/XADC_test/XADC_test.srcs/sources_1/ip/clk_core/clk_core.xdc] for cell 'instance_of_VGA/instance_of_bt/clk_gen_i0/clk_core_i0/inst'
Parsing XDC File [c:/Users/fzh/XADC_test/XADC_test.srcs/sources_1/ip/xadc_wiz_0/xadc_wiz_0.xdc] for cell 'instance_of_fsm_drp/instance_of_xadc/inst'
Finished Parsing XDC File [c:/Users/fzh/XADC_test/XADC_test.srcs/sources_1/ip/xadc_wiz_0/xadc_wiz_0.xdc] for cell 'instance_of_fsm_drp/instance_of_xadc/inst'
Parsing XDC File [c:/Users/fzh/XADC_test/XADC_test.srcs/sources_1/ip/ila_0/ila_v6_2/constraints/ila_impl.xdc] for cell 'instance_of_led/inst'
Finished Parsing XDC File [c:/Users/fzh/XADC_test/XADC_test.srcs/sources_1/ip/ila_0/ila_v6_2/constraints/ila_impl.xdc] for cell 'instance_of_led/inst'
Parsing XDC File [c:/Users/fzh/XADC_test/XADC_test.srcs/sources_1/ip/ila_0/ila_v6_2/constraints/ila.xdc] for cell 'instance_of_led/inst'
Finished Parsing XDC File [c:/Users/fzh/XADC_test/XADC_test.srcs/sources_1/ip/ila_0/ila_v6_2/constraints/ila.xdc] for cell 'instance_of_led/inst'
Parsing XDC File [C:/Users/fzh/XADC_test/XADC_test.srcs/constrs_1/imports/Constraints/fsm_xadc.xdc]
WARNING: [Vivado 12-584] No ports matched 'cout[15]'. [C:/Users/fzh/XADC_test/XADC_test.srcs/constrs_1/imports/Constraints/fsm_xadc.xdc:64]
CRITICAL WARNING: [Common 17-55] 'set_property' expects at least one object. [C:/Users/fzh/XADC_test/XADC_test.srcs/constrs_1/imports/Constraints/fsm_xadc.xdc:64]
Resolution: If [get_<value>] was used to populate the object, check to make sure this command returns at least one valid object.
WARNING: [Vivado 12-584] No ports matched 'cout[14]'. [C:/Users/fzh/XADC_test/XADC_test.srcs/constrs_1/imports/Constraints/fsm_xadc.xdc:65]
CRITICAL WARNING: [Common 17-55] 'set_property' expects at least one object. [C:/Users/fzh/XADC_test/XADC_test.srcs/constrs_1/imports/Constraints/fsm_xadc.xdc:65]
Resolution: If [get_<value>] was used to populate the object, check to make sure this command returns at least one valid object.
WARNING: [Vivado 12-584] No ports matched 'cout[13]'. [C:/Users/fzh/XADC_test/XADC_test.srcs/constrs_1/imports/Constraints/fsm_xadc.xdc:66]
CRITICAL WARNING: [Common 17-55] 'set_property' expects at least one object. [C:/Users/fzh/XADC_test/XADC_test.srcs/constrs_1/imports/Constraints/fsm_xadc.xdc:66]
Resolution: If [get_<value>] was used to populate the object, check to make sure this command returns at least one valid object.
WARNING: [Vivado 12-584] No ports matched 'cout[12]'. [C:/Users/fzh/XADC_test/XADC_test.srcs/constrs_1/imports/Constraints/fsm_xadc.xdc:67]
CRITICAL WARNING: [Common 17-55] 'set_property' expects at least one object. [C:/Users/fzh/XADC_test/XADC_test.srcs/constrs_1/imports/Constraints/fsm_xadc.xdc:67]
Resolution: If [get_<value>] was used to populate the object, check to make sure this command returns at least one valid object.
WARNING: [Vivado 12-584] No ports matched 'cout[11]'. [C:/Users/fzh/XADC_test/XADC_test.srcs/constrs_1/imports/Constraints/fsm_xadc.xdc:68]
CRITICAL WARNING: [Common 17-55] 'set_property' expects at least one object. [C:/Users/fzh/XADC_test/XADC_test.srcs/constrs_1/imports/Constraints/fsm_xadc.xdc:68]
Resolution: If [get_<value>] was used to populate the object, check to make sure this command returns at least one valid object.
WARNING: [Vivado 12-584] No ports matched 'cout[10]'. [C:/Users/fzh/XADC_test/XADC_test.srcs/constrs_1/imports/Constraints/fsm_xadc.xdc:69]
CRITICAL WARNING: [Common 17-55] 'set_property' expects at least one object. [C:/Users/fzh/XADC_test/XADC_test.srcs/constrs_1/imports/Constraints/fsm_xadc.xdc:69]
Resolution: If [get_<value>] was used to populate the object, check to make sure this command returns at least one valid object.
WARNING: [Vivado 12-584] No ports matched 'cout[9]'. [C:/Users/fzh/XADC_test/XADC_test.srcs/constrs_1/imports/Constraints/fsm_xadc.xdc:70]
CRITICAL WARNING: [Common 17-55] 'set_property' expects at least one object. [C:/Users/fzh/XADC_test/XADC_test.srcs/constrs_1/imports/Constraints/fsm_xadc.xdc:70]
Resolution: If [get_<value>] was used to populate the object, check to make sure this command returns at least one valid object.
WARNING: [Vivado 12-584] No ports matched 'cout[8]'. [C:/Users/fzh/XADC_test/XADC_test.srcs/constrs_1/imports/Constraints/fsm_xadc.xdc:71]
CRITICAL WARNING: [Common 17-55] 'set_property' expects at least one object. [C:/Users/fzh/XADC_test/XADC_test.srcs/constrs_1/imports/Constraints/fsm_xadc.xdc:71]
Resolution: If [get_<value>] was used to populate the object, check to make sure this command returns at least one valid object.
WARNING: [Vivado 12-584] No ports matched 'cout[7]'. [C:/Users/fzh/XADC_test/XADC_test.srcs/constrs_1/imports/Constraints/fsm_xadc.xdc:72]
CRITICAL WARNING: [Common 17-55] 'set_property' expects at least one object. [C:/Users/fzh/XADC_test/XADC_test.srcs/constrs_1/imports/Constraints/fsm_xadc.xdc:72]
Resolution: If [get_<value>] was used to populate the object, check to make sure this command returns at least one valid object.
WARNING: [Vivado 12-584] No ports matched 'cout[6]'. [C:/Users/fzh/XADC_test/XADC_test.srcs/constrs_1/imports/Constraints/fsm_xadc.xdc:73]
CRITICAL WARNING: [Common 17-55] 'set_property' expects at least one object. [C:/Users/fzh/XADC_test/XADC_test.srcs/constrs_1/imports/Constraints/fsm_xadc.xdc:73]
Resolution: If [get_<value>] was used to populate the object, check to make sure this command returns at least one valid object.
WARNING: [Vivado 12-584] No ports matched 'cout[5]'. [C:/Users/fzh/XADC_test/XADC_test.srcs/constrs_1/imports/Constraints/fsm_xadc.xdc:74]
CRITICAL WARNING: [Common 17-55] 'set_property' expects at least one object. [C:/Users/fzh/XADC_test/XADC_test.srcs/constrs_1/imports/Constraints/fsm_xadc.xdc:74]
Resolution: If [get_<value>] was used to populate the object, check to make sure this command returns at least one valid object.
WARNING: [Vivado 12-584] No ports matched 'cout[4]'. [C:/Users/fzh/XADC_test/XADC_test.srcs/constrs_1/imports/Constraints/fsm_xadc.xdc:75]
CRITICAL WARNING: [Common 17-55] 'set_property' expects at least one object. [C:/Users/fzh/XADC_test/XADC_test.srcs/constrs_1/imports/Constraints/fsm_xadc.xdc:75]
Resolution: If [get_<value>] was used to populate the object, check to make sure this command returns at least one valid object.
WARNING: [Vivado 12-584] No ports matched 'cout[3]'. [C:/Users/fzh/XADC_test/XADC_test.srcs/constrs_1/imports/Constraints/fsm_xadc.xdc:76]
CRITICAL WARNING: [Common 17-55] 'set_property' expects at least one object. [C:/Users/fzh/XADC_test/XADC_test.srcs/constrs_1/imports/Constraints/fsm_xadc.xdc:76]
Resolution: If [get_<value>] was used to populate the object, check to make sure this command returns at least one valid object.
WARNING: [Vivado 12-584] No ports matched 'cout[2]'. [C:/Users/fzh/XADC_test/XADC_test.srcs/constrs_1/imports/Constraints/fsm_xadc.xdc:77]
CRITICAL WARNING: [Common 17-55] 'set_property' expects at least one object. [C:/Users/fzh/XADC_test/XADC_test.srcs/constrs_1/imports/Constraints/fsm_xadc.xdc:77]
Resolution: If [get_<value>] was used to populate the object, check to make sure this command returns at least one valid object.
WARNING: [Vivado 12-584] No ports matched 'cout[1]'. [C:/Users/fzh/XADC_test/XADC_test.srcs/constrs_1/imports/Constraints/fsm_xadc.xdc:78]
CRITICAL WARNING: [Common 17-55] 'set_property' expects at least one object. [C:/Users/fzh/XADC_test/XADC_test.srcs/constrs_1/imports/Constraints/fsm_xadc.xdc:78]
Resolution: If [get_<value>] was used to populate the object, check to make sure this command returns at least one valid object.
WARNING: [Vivado 12-584] No ports matched 'cout[0]'. [C:/Users/fzh/XADC_test/XADC_test.srcs/constrs_1/imports/Constraints/fsm_xadc.xdc:79]
CRITICAL WARNING: [Common 17-55] 'set_property' expects at least one object. [C:/Users/fzh/XADC_test/XADC_test.srcs/constrs_1/imports/Constraints/fsm_xadc.xdc:79]
Resolution: If [get_<value>] was used to populate the object, check to make sure this command returns at least one valid object.
WARNING: [Vivado 12-584] No ports matched 'cout[15]'. [C:/Users/fzh/XADC_test/XADC_test.srcs/constrs_1/imports/Constraints/fsm_xadc.xdc:80]
CRITICAL WARNING: [Common 17-55] 'set_property' expects at least one object. [C:/Users/fzh/XADC_test/XADC_test.srcs/constrs_1/imports/Constraints/fsm_xadc.xdc:80]
Resolution: If [get_<value>] was used to populate the object, check to make sure this command returns at least one valid object.
WARNING: [Vivado 12-584] No ports matched 'cout[14]'. [C:/Users/fzh/XADC_test/XADC_test.srcs/constrs_1/imports/Constraints/fsm_xadc.xdc:81]
CRITICAL WARNING: [Common 17-55] 'set_property' expects at least one object. [C:/Users/fzh/XADC_test/XADC_test.srcs/constrs_1/imports/Constraints/fsm_xadc.xdc:81]
Resolution: If [get_<value>] was used to populate the object, check to make sure this command returns at least one valid object.
WARNING: [Vivado 12-584] No ports matched 'cout[13]'. [C:/Users/fzh/XADC_test/XADC_test.srcs/constrs_1/imports/Constraints/fsm_xadc.xdc:82]
CRITICAL WARNING: [Common 17-55] 'set_property' expects at least one object. [C:/Users/fzh/XADC_test/XADC_test.srcs/constrs_1/imports/Constraints/fsm_xadc.xdc:82]
Resolution: If [get_<value>] was used to populate the object, check to make sure this command returns at least one valid object.
WARNING: [Vivado 12-584] No ports matched 'cout[12]'. [C:/Users/fzh/XADC_test/XADC_test.srcs/constrs_1/imports/Constraints/fsm_xadc.xdc:83]
CRITICAL WARNING: [Common 17-55] 'set_property' expects at least one object. [C:/Users/fzh/XADC_test/XADC_test.srcs/constrs_1/imports/Constraints/fsm_xadc.xdc:83]
Resolution: If [get_<value>] was used to populate the object, check to make sure this command returns at least one valid object.
WARNING: [Vivado 12-584] No ports matched 'cout[11]'. [C:/Users/fzh/XADC_test/XADC_test.srcs/constrs_1/imports/Constraints/fsm_xadc.xdc:84]
CRITICAL WARNING: [Common 17-55] 'set_property' expects at least one object. [C:/Users/fzh/XADC_test/XADC_test.srcs/constrs_1/imports/Constraints/fsm_xadc.xdc:84]
Resolution: If [get_<value>] was used to populate the object, check to make sure this command returns at least one valid object.
WARNING: [Vivado 12-584] No ports matched 'cout[10]'. [C:/Users/fzh/XADC_test/XADC_test.srcs/constrs_1/imports/Constraints/fsm_xadc.xdc:85]
CRITICAL WARNING: [Common 17-55] 'set_property' expects at least one object. [C:/Users/fzh/XADC_test/XADC_test.srcs/constrs_1/imports/Constraints/fsm_xadc.xdc:85]
Resolution: If [get_<value>] was used to populate the object, check to make sure this command returns at least one valid object.
WARNING: [Vivado 12-584] No ports matched 'cout[9]'. [C:/Users/fzh/XADC_test/XADC_test.srcs/constrs_1/imports/Constraints/fsm_xadc.xdc:86]
CRITICAL WARNING: [Common 17-55] 'set_property' expects at least one object. [C:/Users/fzh/XADC_test/XADC_test.srcs/constrs_1/imports/Constraints/fsm_xadc.xdc:86]
Resolution: If [get_<value>] was used to populate the object, check to make sure this command returns at least one valid object.
WARNING: [Vivado 12-584] No ports matched 'cout[8]'. [C:/Users/fzh/XADC_test/XADC_test.srcs/constrs_1/imports/Constraints/fsm_xadc.xdc:87]
CRITICAL WARNING: [Common 17-55] 'set_property' expects at least one object. [C:/Users/fzh/XADC_test/XADC_test.srcs/constrs_1/imports/Constraints/fsm_xadc.xdc:87]
Resolution: If [get_<value>] was used to populate the object, check to make sure this command returns at least one valid object.
WARNING: [Vivado 12-584] No ports matched 'cout[7]'. [C:/Users/fzh/XADC_test/XADC_test.srcs/constrs_1/imports/Constraints/fsm_xadc.xdc:88]
CRITICAL WARNING: [Common 17-55] 'set_property' expects at least one object. [C:/Users/fzh/XADC_test/XADC_test.srcs/constrs_1/imports/Constraints/fsm_xadc.xdc:88]
Resolution: If [get_<value>] was used to populate the object, check to make sure this command returns at least one valid object.
WARNING: [Vivado 12-584] No ports matched 'cout[6]'. [C:/Users/fzh/XADC_test/XADC_test.srcs/constrs_1/imports/Constraints/fsm_xadc.xdc:89]
CRITICAL WARNING: [Common 17-55] 'set_property' expects at least one object. [C:/Users/fzh/XADC_test/XADC_test.srcs/constrs_1/imports/Constraints/fsm_xadc.xdc:89]
Resolution: If [get_<value>] was used to populate the object, check to make sure this command returns at least one valid object.
WARNING: [Vivado 12-584] No ports matched 'cout[5]'. [C:/Users/fzh/XADC_test/XADC_test.srcs/constrs_1/imports/Constraints/fsm_xadc.xdc:90]
CRITICAL WARNING: [Common 17-55] 'set_property' expects at least one object. [C:/Users/fzh/XADC_test/XADC_test.srcs/constrs_1/imports/Constraints/fsm_xadc.xdc:90]
Resolution: If [get_<value>] was used to populate the object, check to make sure this command returns at least one valid object.
WARNING: [Vivado 12-584] No ports matched 'cout[4]'. [C:/Users/fzh/XADC_test/XADC_test.srcs/constrs_1/imports/Constraints/fsm_xadc.xdc:91]
CRITICAL WARNING: [Common 17-55] 'set_property' expects at least one object. [C:/Users/fzh/XADC_test/XADC_test.srcs/constrs_1/imports/Constraints/fsm_xadc.xdc:91]
Resolution: If [get_<value>] was used to populate the object, check to make sure this command returns at least one valid object.
WARNING: [Vivado 12-584] No ports matched 'cout[3]'. [C:/Users/fzh/XADC_test/XADC_test.srcs/constrs_1/imports/Constraints/fsm_xadc.xdc:92]
CRITICAL WARNING: [Common 17-55] 'set_property' expects at least one object. [C:/Users/fzh/XADC_test/XADC_test.srcs/constrs_1/imports/Constraints/fsm_xadc.xdc:92]
Resolution: If [get_<value>] was used to populate the object, check to make sure this command returns at least one valid object.
WARNING: [Vivado 12-584] No ports matched 'cout[2]'. [C:/Users/fzh/XADC_test/XADC_test.srcs/constrs_1/imports/Constraints/fsm_xadc.xdc:93]
CRITICAL WARNING: [Common 17-55] 'set_property' expects at least one object. [C:/Users/fzh/XADC_test/XADC_test.srcs/constrs_1/imports/Constraints/fsm_xadc.xdc:93]
Resolution: If [get_<value>] was used to populate the object, check to make sure this command returns at least one valid object.
WARNING: [Vivado 12-584] No ports matched 'cout[1]'. [C:/Users/fzh/XADC_test/XADC_test.srcs/constrs_1/imports/Constraints/fsm_xadc.xdc:94]
CRITICAL WARNING: [Common 17-55] 'set_property' expects at least one object. [C:/Users/fzh/XADC_test/XADC_test.srcs/constrs_1/imports/Constraints/fsm_xadc.xdc:94]
Resolution: If [get_<value>] was used to populate the object, check to make sure this command returns at least one valid object.
WARNING: [Vivado 12-584] No ports matched 'cout[0]'. [C:/Users/fzh/XADC_test/XADC_test.srcs/constrs_1/imports/Constraints/fsm_xadc.xdc:95]
CRITICAL WARNING: [Common 17-55] 'set_property' expects at least one object. [C:/Users/fzh/XADC_test/XADC_test.srcs/constrs_1/imports/Constraints/fsm_xadc.xdc:95]
Resolution: If [get_<value>] was used to populate the object, check to make sure this command returns at least one valid object.
WARNING: [Vivado 12-584] No ports matched 'kp[7]'. [C:/Users/fzh/XADC_test/XADC_test.srcs/constrs_1/imports/Constraints/fsm_xadc.xdc:98]
CRITICAL WARNING: [Common 17-55] 'set_property' expects at least one object. [C:/Users/fzh/XADC_test/XADC_test.srcs/constrs_1/imports/Constraints/fsm_xadc.xdc:98]
Resolution: If [get_<value>] was used to populate the object, check to make sure this command returns at least one valid object.
WARNING: [Vivado 12-584] No ports matched 'kp[5]'. [C:/Users/fzh/XADC_test/XADC_test.srcs/constrs_1/imports/Constraints/fsm_xadc.xdc:99]
CRITICAL WARNING: [Common 17-55] 'set_property' expects at least one object. [C:/Users/fzh/XADC_test/XADC_test.srcs/constrs_1/imports/Constraints/fsm_xadc.xdc:99]
Resolution: If [get_<value>] was used to populate the object, check to make sure this command returns at least one valid object.
WARNING: [Vivado 12-584] No ports matched 'kp[6]'. [C:/Users/fzh/XADC_test/XADC_test.srcs/constrs_1/imports/Constraints/fsm_xadc.xdc:100]
CRITICAL WARNING: [Common 17-55] 'set_property' expects at least one object. [C:/Users/fzh/XADC_test/XADC_test.srcs/constrs_1/imports/Constraints/fsm_xadc.xdc:100]
Resolution: If [get_<value>] was used to populate the object, check to make sure this command returns at least one valid object.
WARNING: [Vivado 12-584] No ports matched 'kp[4]'. [C:/Users/fzh/XADC_test/XADC_test.srcs/constrs_1/imports/Constraints/fsm_xadc.xdc:101]
CRITICAL WARNING: [Common 17-55] 'set_property' expects at least one object. [C:/Users/fzh/XADC_test/XADC_test.srcs/constrs_1/imports/Constraints/fsm_xadc.xdc:101]
Resolution: If [get_<value>] was used to populate the object, check to make sure this command returns at least one valid object.
WARNING: [Vivado 12-584] No ports matched 'kp[3]'. [C:/Users/fzh/XADC_test/XADC_test.srcs/constrs_1/imports/Constraints/fsm_xadc.xdc:102]
CRITICAL WARNING: [Common 17-55] 'set_property' expects at least one object. [C:/Users/fzh/XADC_test/XADC_test.srcs/constrs_1/imports/Constraints/fsm_xadc.xdc:102]
Resolution: If [get_<value>] was used to populate the object, check to make sure this command returns at least one valid object.
WARNING: [Vivado 12-584] No ports matched 'kp[2]'. [C:/Users/fzh/XADC_test/XADC_test.srcs/constrs_1/imports/Constraints/fsm_xadc.xdc:103]
CRITICAL WARNING: [Common 17-55] 'set_property' expects at least one object. [C:/Users/fzh/XADC_test/XADC_test.srcs/constrs_1/imports/Constraints/fsm_xadc.xdc:103]
Resolution: If [get_<value>] was used to populate the object, check to make sure this command returns at least one valid object.
WARNING: [Vivado 12-584] No ports matched 'kp[1]'. [C:/Users/fzh/XADC_test/XADC_test.srcs/constrs_1/imports/Constraints/fsm_xadc.xdc:104]
CRITICAL WARNING: [Common 17-55] 'set_property' expects at least one object. [C:/Users/fzh/XADC_test/XADC_test.srcs/constrs_1/imports/Constraints/fsm_xadc.xdc:104]
Resolution: If [get_<value>] was used to populate the object, check to make sure this command returns at least one valid object.
WARNING: [Vivado 12-584] No ports matched 'kp[0]'. [C:/Users/fzh/XADC_test/XADC_test.srcs/constrs_1/imports/Constraints/fsm_xadc.xdc:105]
CRITICAL WARNING: [Common 17-55] 'set_property' expects at least one object. [C:/Users/fzh/XADC_test/XADC_test.srcs/constrs_1/imports/Constraints/fsm_xadc.xdc:105]
Resolution: If [get_<value>] was used to populate the object, check to make sure this command returns at least one valid object.
WARNING: [Vivado 12-584] No ports matched 'kp[0]'. [C:/Users/fzh/XADC_test/XADC_test.srcs/constrs_1/imports/Constraints/fsm_xadc.xdc:106]
CRITICAL WARNING: [Common 17-55] 'set_property' expects at least one object. [C:/Users/fzh/XADC_test/XADC_test.srcs/constrs_1/imports/Constraints/fsm_xadc.xdc:106]
Resolution: If [get_<value>] was used to populate the object, check to make sure this command returns at least one valid object.
WARNING: [Vivado 12-584] No ports matched 'kp[1]'. [C:/Users/fzh/XADC_test/XADC_test.srcs/constrs_1/imports/Constraints/fsm_xadc.xdc:107]
CRITICAL WARNING: [Common 17-55] 'set_property' expects at least one object. [C:/Users/fzh/XADC_test/XADC_test.srcs/constrs_1/imports/Constraints/fsm_xadc.xdc:107]
Resolution: If [get_<value>] was used to populate the object, check to make sure this command returns at least one valid object.
WARNING: [Vivado 12-584] No ports matched 'kp[2]'. [C:/Users/fzh/XADC_test/XADC_test.srcs/constrs_1/imports/Constraints/fsm_xadc.xdc:108]
CRITICAL WARNING: [Common 17-55] 'set_property' expects at least one object. [C:/Users/fzh/XADC_test/XADC_test.srcs/constrs_1/imports/Constraints/fsm_xadc.xdc:108]
Resolution: If [get_<value>] was used to populate the object, check to make sure this command returns at least one valid object.
WARNING: [Vivado 12-584] No ports matched 'kp[3]'. [C:/Users/fzh/XADC_test/XADC_test.srcs/constrs_1/imports/Constraints/fsm_xadc.xdc:109]
CRITICAL WARNING: [Common 17-55] 'set_property' expects at least one object. [C:/Users/fzh/XADC_test/XADC_test.srcs/constrs_1/imports/Constraints/fsm_xadc.xdc:109]
Resolution: If [get_<value>] was used to populate the object, check to make sure this command returns at least one valid object.
WARNING: [Vivado 12-584] No ports matched 'kp[4]'. [C:/Users/fzh/XADC_test/XADC_test.srcs/constrs_1/imports/Constraints/fsm_xadc.xdc:110]
CRITICAL WARNING: [Common 17-55] 'set_property' expects at least one object. [C:/Users/fzh/XADC_test/XADC_test.srcs/constrs_1/imports/Constraints/fsm_xadc.xdc:110]
Resolution: If [get_<value>] was used to populate the object, check to make sure this command returns at least one valid object.
WARNING: [Vivado 12-584] No ports matched 'kp[5]'. [C:/Users/fzh/XADC_test/XADC_test.srcs/constrs_1/imports/Constraints/fsm_xadc.xdc:111]
CRITICAL WARNING: [Common 17-55] 'set_property' expects at least one object. [C:/Users/fzh/XADC_test/XADC_test.srcs/constrs_1/imports/Constraints/fsm_xadc.xdc:111]
Resolution: If [get_<value>] was used to populate the object, check to make sure this command returns at least one valid object.
WARNING: [Vivado 12-584] No ports matched 'kp[6]'. [C:/Users/fzh/XADC_test/XADC_test.srcs/constrs_1/imports/Constraints/fsm_xadc.xdc:112]
CRITICAL WARNING: [Common 17-55] 'set_property' expects at least one object. [C:/Users/fzh/XADC_test/XADC_test.srcs/constrs_1/imports/Constraints/fsm_xadc.xdc:112]
Resolution: If [get_<value>] was used to populate the object, check to make sure this command returns at least one valid object.
WARNING: [Vivado 12-584] No ports matched 'kp[7]'. [C:/Users/fzh/XADC_test/XADC_test.srcs/constrs_1/imports/Constraints/fsm_xadc.xdc:113]
CRITICAL WARNING: [Common 17-55] 'set_property' expects at least one object. [C:/Users/fzh/XADC_test/XADC_test.srcs/constrs_1/imports/Constraints/fsm_xadc.xdc:113]
Resolution: If [get_<value>] was used to populate the object, check to make sure this command returns at least one valid object.
WARNING: [Vivado 12-584] No ports matched 'ki[0]'. [C:/Users/fzh/XADC_test/XADC_test.srcs/constrs_1/imports/Constraints/fsm_xadc.xdc:114]
CRITICAL WARNING: [Common 17-55] 'set_property' expects at least one object. [C:/Users/fzh/XADC_test/XADC_test.srcs/constrs_1/imports/Constraints/fsm_xadc.xdc:114]
Resolution: If [get_<value>] was used to populate the object, check to make sure this command returns at least one valid object.
WARNING: [Vivado 12-584] No ports matched 'ki[1]'. [C:/Users/fzh/XADC_test/XADC_test.srcs/constrs_1/imports/Constraints/fsm_xadc.xdc:115]
CRITICAL WARNING: [Common 17-55] 'set_property' expects at least one object. [C:/Users/fzh/XADC_test/XADC_test.srcs/constrs_1/imports/Constraints/fsm_xadc.xdc:115]
Resolution: If [get_<value>] was used to populate the object, check to make sure this command returns at least one valid object.
WARNING: [Vivado 12-584] No ports matched 'ki[2]'. [C:/Users/fzh/XADC_test/XADC_test.srcs/constrs_1/imports/Constraints/fsm_xadc.xdc:116]
CRITICAL WARNING: [Common 17-55] 'set_property' expects at least one object. [C:/Users/fzh/XADC_test/XADC_test.srcs/constrs_1/imports/Constraints/fsm_xadc.xdc:116]
Resolution: If [get_<value>] was used to populate the object, check to make sure this command returns at least one valid object.
WARNING: [Vivado 12-584] No ports matched 'ki[3]'. [C:/Users/fzh/XADC_test/XADC_test.srcs/constrs_1/imports/Constraints/fsm_xadc.xdc:117]
CRITICAL WARNING: [Common 17-55] 'set_property' expects at least one object. [C:/Users/fzh/XADC_test/XADC_test.srcs/constrs_1/imports/Constraints/fsm_xadc.xdc:117]
Resolution: If [get_<value>] was used to populate the object, check to make sure this command returns at least one valid object.
WARNING: [Vivado 12-584] No ports matched 'kd[3]'. [C:/Users/fzh/XADC_test/XADC_test.srcs/constrs_1/imports/Constraints/fsm_xadc.xdc:118]
CRITICAL WARNING: [Common 17-55] 'set_property' expects at least one object. [C:/Users/fzh/XADC_test/XADC_test.srcs/constrs_1/imports/Constraints/fsm_xadc.xdc:118]
Resolution: If [get_<value>] was used to populate the object, check to make sure this command returns at least one valid object.
WARNING: [Vivado 12-584] No ports matched 'kd[2]'. [C:/Users/fzh/XADC_test/XADC_test.srcs/constrs_1/imports/Constraints/fsm_xadc.xdc:119]
CRITICAL WARNING: [Common 17-55] 'set_property' expects at least one object. [C:/Users/fzh/XADC_test/XADC_test.srcs/constrs_1/imports/Constraints/fsm_xadc.xdc:119]
Resolution: If [get_<value>] was used to populate the object, check to make sure this command returns at least one valid object.
WARNING: [Vivado 12-584] No ports matched 'kd[1]'. [C:/Users/fzh/XADC_test/XADC_test.srcs/constrs_1/imports/Constraints/fsm_xadc.xdc:120]
CRITICAL WARNING: [Common 17-55] 'set_property' expects at least one object. [C:/Users/fzh/XADC_test/XADC_test.srcs/constrs_1/imports/Constraints/fsm_xadc.xdc:120]
Resolution: If [get_<value>] was used to populate the object, check to make sure this command returns at least one valid object.
WARNING: [Vivado 12-584] No ports matched 'kd[0]'. [C:/Users/fzh/XADC_test/XADC_test.srcs/constrs_1/imports/Constraints/fsm_xadc.xdc:121]
CRITICAL WARNING: [Common 17-55] 'set_property' expects at least one object. [C:/Users/fzh/XADC_test/XADC_test.srcs/constrs_1/imports/Constraints/fsm_xadc.xdc:121]
Resolution: If [get_<value>] was used to populate the object, check to make sure this command returns at least one valid object.
WARNING: [Vivado 12-584] No ports matched 'ki[0]'. [C:/Users/fzh/XADC_test/XADC_test.srcs/constrs_1/imports/Constraints/fsm_xadc.xdc:126]
CRITICAL WARNING: [Common 17-55] 'set_property' expects at least one object. [C:/Users/fzh/XADC_test/XADC_test.srcs/constrs_1/imports/Constraints/fsm_xadc.xdc:126]
Resolution: If [get_<value>] was used to populate the object, check to make sure this command returns at least one valid object.
WARNING: [Vivado 12-584] No ports matched 'ki[1]'. [C:/Users/fzh/XADC_test/XADC_test.srcs/constrs_1/imports/Constraints/fsm_xadc.xdc:127]
CRITICAL WARNING: [Common 17-55] 'set_property' expects at least one object. [C:/Users/fzh/XADC_test/XADC_test.srcs/constrs_1/imports/Constraints/fsm_xadc.xdc:127]
Resolution: If [get_<value>] was used to populate the object, check to make sure this command returns at least one valid object.
WARNING: [Vivado 12-584] No ports matched 'ki[2]'. [C:/Users/fzh/XADC_test/XADC_test.srcs/constrs_1/imports/Constraints/fsm_xadc.xdc:128]
CRITICAL WARNING: [Common 17-55] 'set_property' expects at least one object. [C:/Users/fzh/XADC_test/XADC_test.srcs/constrs_1/imports/Constraints/fsm_xadc.xdc:128]
Resolution: If [get_<value>] was used to populate the object, check to make sure this command returns at least one valid object.
WARNING: [Vivado 12-584] No ports matched 'ki[3]'. [C:/Users/fzh/XADC_test/XADC_test.srcs/constrs_1/imports/Constraints/fsm_xadc.xdc:129]
CRITICAL WARNING: [Common 17-55] 'set_property' expects at least one object. [C:/Users/fzh/XADC_test/XADC_test.srcs/constrs_1/imports/Constraints/fsm_xadc.xdc:129]
Resolution: If [get_<value>] was used to populate the object, check to make sure this command returns at least one valid object.
WARNING: [Vivado 12-584] No ports matched 'ki[4]'. [C:/Users/fzh/XADC_test/XADC_test.srcs/constrs_1/imports/Constraints/fsm_xadc.xdc:130]
CRITICAL WARNING: [Common 17-55] 'set_property' expects at least one object. [C:/Users/fzh/XADC_test/XADC_test.srcs/constrs_1/imports/Constraints/fsm_xadc.xdc:130]
Resolution: If [get_<value>] was used to populate the object, check to make sure this command returns at least one valid object.
WARNING: [Vivado 12-584] No ports matched 'kd[0]'. [C:/Users/fzh/XADC_test/XADC_test.srcs/constrs_1/imports/Constraints/fsm_xadc.xdc:131]
CRITICAL WARNING: [Common 17-55] 'set_property' expects at least one object. [C:/Users/fzh/XADC_test/XADC_test.srcs/constrs_1/imports/Constraints/fsm_xadc.xdc:131]
Resolution: If [get_<value>] was used to populate the object, check to make sure this command returns at least one valid object.
WARNING: [Vivado 12-584] No ports matched 'kd[1]'. [C:/Users/fzh/XADC_test/XADC_test.srcs/constrs_1/imports/Constraints/fsm_xadc.xdc:132]
CRITICAL WARNING: [Common 17-55] 'set_property' expects at least one object. [C:/Users/fzh/XADC_test/XADC_test.srcs/constrs_1/imports/Constraints/fsm_xadc.xdc:132]
Resolution: If [get_<value>] was used to populate the object, check to make sure this command returns at least one valid object.
WARNING: [Vivado 12-584] No ports matched 'kd[2]'. [C:/Users/fzh/XADC_test/XADC_test.srcs/constrs_1/imports/Constraints/fsm_xadc.xdc:133]
CRITICAL WARNING: [Common 17-55] 'set_property' expects at least one object. [C:/Users/fzh/XADC_test/XADC_test.srcs/constrs_1/imports/Constraints/fsm_xadc.xdc:133]
Resolution: If [get_<value>] was used to populate the object, check to make sure this command returns at least one valid object.
WARNING: [Vivado 12-584] No ports matched 'kd[3]'. [C:/Users/fzh/XADC_test/XADC_test.srcs/constrs_1/imports/Constraints/fsm_xadc.xdc:134]
CRITICAL WARNING: [Common 17-55] 'set_property' expects at least one object. [C:/Users/fzh/XADC_test/XADC_test.srcs/constrs_1/imports/Constraints/fsm_xadc.xdc:134]
Resolution: If [get_<value>] was used to populate the object, check to make sure this command returns at least one valid object.
WARNING: [Vivado 12-584] No ports matched 'kd[4]'. [C:/Users/fzh/XADC_test/XADC_test.srcs/constrs_1/imports/Constraints/fsm_xadc.xdc:135]
CRITICAL WARNING: [Common 17-55] 'set_property' expects at least one object. [C:/Users/fzh/XADC_test/XADC_test.srcs/constrs_1/imports/Constraints/fsm_xadc.xdc:135]
Resolution: If [get_<value>] was used to populate the object, check to make sure this command returns at least one valid object.
WARNING: [Vivado 12-507] No nets matched 'clk_sys_IBUF_BUFG'. [C:/Users/fzh/XADC_test/XADC_test.srcs/constrs_1/imports/Constraints/fsm_xadc.xdc:147]
CRITICAL WARNING: [Common 17-162] Invalid option value specified for '-nets'. [C:/Users/fzh/XADC_test/XADC_test.srcs/constrs_1/imports/Constraints/fsm_xadc.xdc:147]
WARNING: [Vivado 12-584] No ports matched 'rst_botton'. [C:/Users/fzh/XADC_test/XADC_test.srcs/constrs_1/imports/Constraints/fsm_xadc.xdc:210]
CRITICAL WARNING: [Common 17-55] 'set_property' expects at least one object. [C:/Users/fzh/XADC_test/XADC_test.srcs/constrs_1/imports/Constraints/fsm_xadc.xdc:210]
Resolution: If [get_<value>] was used to populate the object, check to make sure this command returns at least one valid object.
Finished Parsing XDC File [C:/Users/fzh/XADC_test/XADC_test.srcs/constrs_1/imports/Constraints/fsm_xadc.xdc]
INFO: [Project 1-538] Using original IP XDC constraints instead of the XDC constraints in dcp 'c:/Users/fzh/XADC_test/XADC_test.srcs/sources_1/ip/char_fifo/char_fifo.dcp'
Parsing XDC File [c:/Users/fzh/XADC_test/XADC_test.srcs/sources_1/ip/char_fifo/char_fifo_clocks.xdc] for cell 'instance_of_VGA/instance_of_bt/char_fifo_i0/U0'
Finished Parsing XDC File [c:/Users/fzh/XADC_test/XADC_test.srcs/sources_1/ip/char_fifo/char_fifo_clocks.xdc] for cell 'instance_of_VGA/instance_of_bt/char_fifo_i0/U0'
Sourcing Tcl File [C:/Xilinx/Vivado/2017.4/data/ip/xpm/xpm_cdc/tcl/xpm_cdc_async_rst.tcl] for cell 'instance_of_VGA/instance_of_bt/char_fifo_i0/U0/inst_fifo_gen/gconvfifo.rf/grf.rf/rstblk/ngwrdrst.grst.g7serrst.gnsckt_wrst.gic_rst.rst_rd_reg2_inst'
Finished Sourcing Tcl File [C:/Xilinx/Vivado/2017.4/data/ip/xpm/xpm_cdc/tcl/xpm_cdc_async_rst.tcl] for cell 'instance_of_VGA/instance_of_bt/char_fifo_i0/U0/inst_fifo_gen/gconvfifo.rf/grf.rf/rstblk/ngwrdrst.grst.g7serrst.gnsckt_wrst.gic_rst.rst_rd_reg2_inst'
Sourcing Tcl File [C:/Xilinx/Vivado/2017.4/data/ip/xpm/xpm_cdc/tcl/xpm_cdc_async_rst.tcl] for cell 'instance_of_VGA/instance_of_bt/char_fifo_i0/U0/inst_fifo_gen/gconvfifo.rf/grf.rf/rstblk/ngwrdrst.grst.g7serrst.gnsckt_wrst.rst_wr_reg2_inst'
Finished Sourcing Tcl File [C:/Xilinx/Vivado/2017.4/data/ip/xpm/xpm_cdc/tcl/xpm_cdc_async_rst.tcl] for cell 'instance_of_VGA/instance_of_bt/char_fifo_i0/U0/inst_fifo_gen/gconvfifo.rf/grf.rf/rstblk/ngwrdrst.grst.g7serrst.gnsckt_wrst.rst_wr_reg2_inst'
Sourcing Tcl File [C:/Xilinx/Vivado/2017.4/data/ip/xpm/xpm_cdc/tcl/xpm_cdc_gray.tcl] for cell 'instance_of_VGA/instance_of_bt/char_fifo_i0/U0/inst_fifo_gen/gconvfifo.rf/grf.rf/gntv_or_sync_fifo.gcx.clkx/rd_pntr_cdc_inst'
Finished Sourcing Tcl File [C:/Xilinx/Vivado/2017.4/data/ip/xpm/xpm_cdc/tcl/xpm_cdc_gray.tcl] for cell 'instance_of_VGA/instance_of_bt/char_fifo_i0/U0/inst_fifo_gen/gconvfifo.rf/grf.rf/gntv_or_sync_fifo.gcx.clkx/rd_pntr_cdc_inst'
Sourcing Tcl File [C:/Xilinx/Vivado/2017.4/data/ip/xpm/xpm_cdc/tcl/xpm_cdc_gray.tcl] for cell 'instance_of_VGA/instance_of_bt/char_fifo_i0/U0/inst_fifo_gen/gconvfifo.rf/grf.rf/gntv_or_sync_fifo.gcx.clkx/wr_pntr_cdc_inst'
Finished Sourcing Tcl File [C:/Xilinx/Vivado/2017.4/data/ip/xpm/xpm_cdc/tcl/xpm_cdc_gray.tcl] for cell 'instance_of_VGA/instance_of_bt/char_fifo_i0/U0/inst_fifo_gen/gconvfifo.rf/grf.rf/gntv_or_sync_fifo.gcx.clkx/wr_pntr_cdc_inst'
Sourcing Tcl File [C:/Xilinx/Vivado/2017.4/data/ip/xpm/xpm_cdc/tcl/xpm_cdc_single.tcl] for cell 'instance_of_VGA/instance_of_bt/char_fifo_i0/U0/inst_fifo_gen/gconvfifo.rf/grf.rf/rstblk/ngwrdrst.grst.g7serrst.gnsckt_wrst.gic_rst.xpm_cdc_single_inst_rrst_wr'
Finished Sourcing Tcl File [C:/Xilinx/Vivado/2017.4/data/ip/xpm/xpm_cdc/tcl/xpm_cdc_single.tcl] for cell 'instance_of_VGA/instance_of_bt/char_fifo_i0/U0/inst_fifo_gen/gconvfifo.rf/grf.rf/rstblk/ngwrdrst.grst.g7serrst.gnsckt_wrst.gic_rst.xpm_cdc_single_inst_rrst_wr'
Sourcing Tcl File [C:/Xilinx/Vivado/2017.4/data/ip/xpm/xpm_cdc/tcl/xpm_cdc_single.tcl] for cell 'instance_of_VGA/instance_of_bt/char_fifo_i0/U0/inst_fifo_gen/gconvfifo.rf/grf.rf/rstblk/ngwrdrst.grst.g7serrst.gnsckt_wrst.gic_rst.xpm_cdc_single_inst_wrst_rd'
Finished Sourcing Tcl File [C:/Xilinx/Vivado/2017.4/data/ip/xpm/xpm_cdc/tcl/xpm_cdc_single.tcl] for cell 'instance_of_VGA/instance_of_bt/char_fifo_i0/U0/inst_fifo_gen/gconvfifo.rf/grf.rf/rstblk/ngwrdrst.grst.g7serrst.gnsckt_wrst.gic_rst.xpm_cdc_single_inst_wrst_rd'
INFO: [Opt 31-138] Pushed 0 inverter(s) to 0 load pin(s).
INFO: [Project 1-111] Unisim Transformation Summary:
  A total of 92 instances were transformed.
  CFGLUT5 => CFGLUT5 (SRLC32E, SRL16E): 92 instances

open_run: Time (s): cpu = 00:00:38 ; elapsed = 00:00:43 . Memory (MB): peak = 2573.977 ; gain = 1081.629
ERROR: [Labtoolstcl 44-513] HW Target shutdown. Closing target: localhost:3121/xilinx_tcf/Xilinx/1234-tulA
exit
INFO: [Common 17-206] Exiting Vivado at Fri Jun 16 15:13:13 2023...
